2026-06-04 23:46:29,138 -  * Detected change in '/home/ayusman/WebstormProjects/patient-router/backend/services/evalutationService.py', reloading
2026-06-04 23:46:29,453 -  * Restarting with stat
2026-06-04 23:46:31,064 -  * Debugger is active!
2026-06-04 23:46:31,067 -  * Debugger PIN: 124-603-283
2026-06-04 23:46:45,321 -  * Detected change in '/home/ayusman/WebstormProjects/patient-router/backend/services/evalutationService.py', reloading
2026-06-04 23:46:45,677 -  * Restarting with stat
2026-06-04 23:46:48,051 -  * Debugger is active!
2026-06-04 23:46:48,055 -  * Debugger PIN: 124-603-283
2026-06-04 23:47:22,680 -  * Detected change in '/home/ayusman/WebstormProjects/patient-router/backend/services/evalutationService.py', reloading
2026-06-04 23:47:23,039 -  * Restarting with stat
2026-06-04 23:47:24,627 -  * Debugger is active!
2026-06-04 23:47:24,631 -  * Debugger PIN: 124-603-283
2026-06-04 23:47:39,941 -  * Detected change in '/home/ayusman/WebstormProjects/patient-router/backend/services/evalutationService.py', reloading
2026-06-04 23:47:40,302 -  * Restarting with stat
2026-06-04 23:47:42,468 -  * Debugger is active!
2026-06-04 23:47:42,471 -  * Debugger PIN: 124-603-283
2026-06-04 23:47:56,740 -  * Detected change in '/home/ayusman/WebstormProjects/patient-router/backend/services/evalutationService.py', reloading
2026-06-04 23:47:57,062 -  * Restarting with stat
2026-06-04 23:47:58,497 -  * Debugger is active!
2026-06-04 23:47:58,501 -  * Debugger PIN: 124-603-283
2026-06-04 23:49:36,111 -  * Detected change in '/home/ayusman/WebstormProjects/patient-router/backend/services/evalutationService.py', reloading
2026-06-04 23:49:36,496 -  * Restarting with stat
2026-06-04 23:49:38,758 -  * Debugger is active!
2026-06-04 23:49:38,762 -  * Debugger PIN: 124-603-283
2026-06-04 23:50:12,361 -  * Detected change in '/home/ayusman/WebstormProjects/patient-router/backend/routes/evaluationRoutes.py', reloading
2026-06-04 23:50:12,705 -  * Restarting with stat
2026-06-04 23:50:14,830 -  * Debugger is active!
2026-06-04 23:50:14,834 -  * Debugger PIN: 124-603-283
2026-06-04 23:51:01,647 -  * Detected change in '/home/ayusman/WebstormProjects/patient-router/backend/routes/evaluationRoutes.py', reloading
2026-06-04 23:51:01,995 -  * Restarting with stat
2026-06-04 23:51:03,861 -  * Debugger is active!
2026-06-04 23:51:03,864 -  * Debugger PIN: 124-603-283
2026-06-04 23:51:16,077 -  * Detected change in '/home/ayusman/WebstormProjects/patient-router/backend/routes/evaluationRoutes.py', reloading
2026-06-04 23:51:16,427 -  * Restarting with stat
2026-06-04 23:51:18,733 -  * Debugger is active!
2026-06-04 23:51:18,738 -  * Debugger PIN: 124-603-283
2026-06-04 23:51:55,345 -  * Detected change in '/home/ayusman/WebstormProjects/patient-router/backend/services/evalutationService.py', reloading
2026-06-04 23:51:55,661 -  * Restarting with stat
2026-06-04 23:51:57,958 -  * Debugger is active!
2026-06-04 23:51:57,962 -  * Debugger PIN: 124-603-283
2026-06-04 23:52:31,553 -  * Detected change in '/home/ayusman/WebstormProjects/patient-router/backend/app.py', reloading
2026-06-04 23:52:31,924 -  * Restarting with stat
2026-06-04 23:52:34,104 -  * Debugger is active!
2026-06-04 23:52:34,107 -  * Debugger PIN: 124-603-283
